<?xml version="1.0" encoding="utf-8"?><testsuites name="pytest tests"><testsuite name="pytest" errors="0" failures="1" skipped="0" tests="57" time="29.700" timestamp="2026-07-19T13:25:04.843180+00:00" hostname="agent-env-3cb4c1d6-147b-4850-8f7b-dacabec17773"><testcase classname="tests.test_iteration6.TestPartageDocument" name="test_permission_fields_present_in_default_and_saveable" time="1.224" /><testcase classname="tests.test_iteration6.TestPartageDocument" name="test_user_without_permission_cannot_share" time="4.874" /><testcase classname="tests.test_iteration6.TestStrictIsolation" name="test_stock_isolation" time="5.676" /><testcase classname="tests.test_iteration6.TestStrictIsolation" name="test_caisse_isolation" time="0.352" /><testcase classname="tests.test_iteration6.TestStrictIsolation" name="test_devis_isolation" time="0.339" /><testcase classname="tests.test_iteration6.TestStrictIsolation" name="test_reprise_isolation" time="2.116" /><testcase classname="tests.test_iteration6.TestStrictIsolation" name="test_intervention_isolation_detail_403" time="1.985" /><testcase classname="tests.test_iteration6.TestPartageDocument" name="test_share_intervention_read_mode" time="4.555" /><testcase classname="tests.test_iteration6.TestStrictIsolation" name="test_shop_id_from_client_is_ignored_and_overridden" time="0.046" /><testcase classname="tests.test_iteration6.TestInterBoutique" name="test_regular_user_is_not_multi_shop" time="0.043" /><testcase classname="tests.test_iteration6.TestInterBoutique" name="test_regular_user_cannot_set_active_shop" time="0.087" /><testcase classname="tests.test_iteration6.TestPartageDocument" name="test_share_intervention_write_mode" time="0.409" /><testcase classname="tests.test_iteration6.TestPartageDocument" name="test_share_devis_read_and_write" time="2.539" /><testcase classname="tests.test_iteration6.TestInterBoutique" name="test_multi_shop_user_flagged_and_no_active_shop_initially" time="2.815" /><testcase classname="tests.test_iteration6.TestInterBoutique" name="test_multi_shop_user_blocked_from_creating_without_active_shop" time="0.045" /><testcase classname="tests.test_iteration6.TestInterBoutique" name="test_multi_shop_user_can_select_active_shop_and_switch" time="0.220" /><testcase classname="tests.test_iteration6.TestPartageDocument" name="test_share_reprise_read_and_write" time="0.325" /><testcase classname="tests.test_iteration6.TestInterBoutique" name="test_cannot_select_depot_as_active_shop" time="0.340" /><testcase classname="tests.test_iteration6.TestPartageDocument" name="test_share_caisse_ticket_read_and_write" time="0.586" /><testcase classname="tests.backend_test.TestUsers" name="test_list_users" time="0.412" /><testcase classname="tests.backend_test.TestUsers" name="test_grades_endpoint" time="0.044" /><testcase classname="tests.test_iteration6.TestPartageDocument" name="test_cannot_share_document_not_owned" time="0.505" /><testcase classname="tests.backend_test.TestUsers" name="test_create_user_invalid_pin" time="0.127" /><testcase classname="tests.backend_test.TestUsers" name="test_non_admin_cannot_create_user" time="1.733" /><testcase classname="tests.backend_test.TestUsers" name="test_admin_edit_permissions" time="0.091" /><testcase classname="tests.backend_test.TestAuth" name="test_login_admin_ok" time="0.370" /><testcase classname="tests.backend_test.TestStock" name="test_create_and_get_article" time="1.544" /><testcase classname="tests.backend_test.TestStock" name="test_edit_quantity" time="0.049" /><testcase classname="tests.backend_test.TestAuth" name="test_login_wrong_pin" time="1.588" /><testcase classname="tests.backend_test.TestAuth" name="test_me_returns_user" time="0.049" /><testcase classname="tests.backend_test.TestAuth" name="test_me_unauthenticated" time="1.171" /><testcase classname="tests.backend_test.TestStock" name="test_vendeur_cannot_add" time="3.085" /><testcase classname="tests.backend_test.TestStock" name="test_vendeur_cannot_delete" time="0.048" /><testcase classname="tests.backend_test.TestCaisse" name="test_create_ticket_and_totals" time="0.142" /><testcase classname="tests.backend_test.TestStock" name="test_vendeur_can_view_list" time="0.055" /><testcase classname="tests.backend_test.TestCaisse" name="test_create_facture" time="0.047" /><testcase classname="tests.backend_test.TestIntervention" name="test_create_and_pdf" time="0.115" /><testcase classname="tests.backend_test.TestCaisse" name="test_vendeur_cannot_delete_ticket" time="0.162" /><testcase classname="tests.backend_test.TestIntervention" name="test_list_with_can_open_flag" time="0.061" /><testcase classname="tests.backend_test.TestIntervention" name="test_vendeur_isolation" time="0.374"><failure message="AssertionError: vendeur should NOT see other shop's intervention in list at all (strict cloisonnement)&#10;assert not [{'shop_id': '6a5a7727db13a6cb513a3528', 'client_nom': 'TEST_Isolated', 'client_tel': '', 'client_email': '', ...}]">backend/tests/backend_test.py:335: in test_vendeur_isolation
    assert not found, "vendeur should NOT see other shop's intervention in list at all (strict cloisonnement)"
E   AssertionError: vendeur should NOT see other shop's intervention in list at all (strict cloisonnement)
E   assert not [{'shop_id': '6a5a7727db13a6cb513a3528', 'client_nom': 'TEST_Isolated', 'client_tel': '', 'client_email': '', ...}]</failure></testcase><testcase classname="tests.backend_test.TestShops" name="test_list_shops" time="0.086" /><testcase classname="tests.test_iteration3.TestCaisseTicket" name="test_ticket_has_vendeur_nom" time="0.511" /><testcase classname="tests.backend_test.TestShops" name="test_create_and_update_shop" time="0.137" /><testcase classname="tests.test_iteration3.TestCaisseTicket" name="test_patch_ticket_recalculates" time="0.220" /><testcase classname="tests.backend_test.TestCommunication" name="test_send_and_list_message" time="0.139" /><testcase classname="tests.backend_test.TestCommunication" name="test_help_ticket_flow" time="0.182" /><testcase classname="tests.test_iteration3.TestCaisseTicket" name="test_facture_with_client_siret" time="0.181" /><testcase classname="tests.backend_test.TestDepot" name="test_create_order_with_pdf" time="0.326" /><testcase classname="tests.test_iteration3.TestShopSiret" name="test_create_shop_with_siret" time="0.502" /><testcase classname="tests.backend_test.TestDepot" name="test_add_manual_line_and_increment" time="0.489" /><testcase classname="tests.test_iteration3.TestShopSiret" name="test_update_shop_siret" time="0.268" /><testcase classname="tests.test_iteration3.TestStockCode" name="test_auto_code_when_empty" time="0.097" /><testcase classname="tests.backend_test.TestDevis" name="test_create_devis_and_pdf" time="0.098" /><testcase classname="tests.test_iteration3.TestStockCode" name="test_custom_code_used_as_is" time="0.144" /><testcase classname="tests.backend_test.TestReprise" name="test_create_reprise_and_pdf" time="0.102" /><testcase classname="tests.test_iteration3.TestSameShopIntervention" name="test_same_shop_users_can_see_and_open_each_others_interventions" time="7.172" /><testcase classname="tests.test_iteration6.TestDashboardNoCrash" name="test_all_dashboard_endpoints_ok_for_vendeur_without_depot_perm" time="6.903" /></testsuite></testsuites>