<?xml version="1.0" encoding="utf-8"?><testsuites name="pytest tests"><testsuite name="pytest" errors="0" failures="0" skipped="0" tests="21" time="15.390" timestamp="2026-07-19T13:24:43.114358+00:00" hostname="agent-env-3cb4c1d6-147b-4850-8f7b-dacabec17773"><testcase classname="tests.test_iteration6.TestPartageDocument" name="test_permission_fields_present_in_default_and_saveable" time="2.295" /><testcase classname="tests.test_iteration6.TestStrictIsolation" name="test_stock_isolation" time="5.699" /><testcase classname="tests.test_iteration6.TestPartageDocument" name="test_user_without_permission_cannot_share" time="3.854" /><testcase classname="tests.test_iteration6.TestStrictIsolation" name="test_caisse_isolation" time="0.138" /><testcase classname="tests.test_iteration6.TestStrictIsolation" name="test_devis_isolation" time="0.352" /><testcase classname="tests.test_iteration6.TestStrictIsolation" name="test_reprise_isolation" time="0.331" /><testcase classname="tests.test_iteration6.TestStrictIsolation" name="test_intervention_isolation_detail_403" time="3.996" /><testcase classname="tests.test_iteration6.TestPartageDocument" name="test_share_intervention_read_mode" time="4.873" /><testcase classname="tests.test_iteration6.TestStrictIsolation" name="test_shop_id_from_client_is_ignored_and_overridden" time="0.047" /><testcase classname="tests.test_iteration6.TestInterBoutique" name="test_regular_user_is_not_multi_shop" time="0.050" /><testcase classname="tests.test_iteration6.TestInterBoutique" name="test_regular_user_cannot_set_active_shop" time="0.046" /><testcase classname="tests.test_iteration6.TestPartageDocument" name="test_share_intervention_write_mode" time="2.439" /><testcase classname="tests.test_iteration6.TestInterBoutique" name="test_multi_shop_user_flagged_and_no_active_shop_initially" time="2.676" /><testcase classname="tests.test_iteration6.TestInterBoutique" name="test_multi_shop_user_blocked_from_creating_without_active_shop" time="0.043" /><testcase classname="tests.test_iteration6.TestInterBoutique" name="test_multi_shop_user_can_select_active_shop_and_switch" time="0.187" /><testcase classname="tests.test_iteration6.TestPartageDocument" name="test_share_devis_read_and_write" time="0.396" /><testcase classname="tests.test_iteration6.TestInterBoutique" name="test_cannot_select_depot_as_active_shop" time="0.097" /><testcase classname="tests.test_iteration6.TestDashboardNoCrash" name="test_all_dashboard_endpoints_ok_for_vendeur_without_depot_perm" time="0.469" /><testcase classname="tests.test_iteration6.TestPartageDocument" name="test_share_reprise_read_and_write" time="0.357" /><testcase classname="tests.test_iteration6.TestPartageDocument" name="test_share_caisse_ticket_read_and_write" time="0.315" /><testcase classname="tests.test_iteration6.TestPartageDocument" name="test_cannot_share_document_not_owned" time="0.347" /></testsuite></testsuites>