<?xml version="1.0" encoding="utf-8"?><testsuites name="pytest tests"><testsuite name="pytest" errors="0" failures="0" skipped="0" tests="16" time="14.408" timestamp="2026-07-19T12:24:37.045769+00:00" hostname="agent-env-3cb4c1d6-147b-4850-8f7b-dacabec17773"><testcase classname="tests.test_iteration5.TestDepotPermission" name="test_admin_can_list_depot_orders" time="0.801" /><testcase classname="tests.test_iteration5.TestSendAndResolve" name="test_send_order_to_boutique_a" time="0.899" /><testcase classname="tests.test_iteration5.TestDepotPermission" name="test_vendeur_forbidden_on_depot" time="2.769" /><testcase classname="tests.test_iteration5.TestSendAndResolve" name="test_send_a_second_order" time="0.049" /><testcase classname="tests.test_iteration5.TestSendAndResolve" name="test_admin_sees_commande" time="0.282" /><testcase classname="tests.test_iteration5.TestSendAndResolve" name="test_vendeur_a_sees_own_commande" time="2.428" /><testcase classname="tests.test_iteration5.TestDepotPermission" name="test_chef_depot_can_access" time="2.038" /><testcase classname="tests.test_iteration5.TestSendAndResolve" name="test_isolation_boutique_b_user_cannot_see_a_commande" time="4.795" /><testcase classname="tests.test_iteration5.TestPermissionsShape" name="test_admin_has_depot_permission" time="0.060" /><testcase classname="tests.test_iteration5.TestPermissionsShape" name="test_vendeur_has_depot_false" time="2.822" /><testcase classname="tests.test_iteration5.TestSendAndResolve" name="test_resolve_conforme_adds_stock" time="1.486" /><testcase classname="tests.test_iteration5.TestStockPersistence" name="test_articles_added_to_boutique_a_stock" time="0.049" /><testcase classname="tests.test_iteration5.TestSendAndResolve" name="test_notification_visible_to_admin" time="0.049" /><testcase classname="tests.test_iteration5.TestSendAndResolve" name="test_notification_hidden_from_vendeur" time="1.286" /><testcase classname="tests.test_iteration5.TestSendAndResolve" name="test_resolve_non_conforme" time="1.298" /><testcase classname="tests.test_iteration5.TestSendAndResolve" name="test_cannot_resolve_twice" time="1.269" /></testsuite></testsuites>