<?xml version="1.0" encoding="utf-8"?><testsuites name="pytest tests"><testsuite name="pytest" errors="2" failures="2" skipped="0" tests="30" time="7.522" timestamp="2026-07-19T13:21:39.615774+00:00" hostname="agent-env-3cb4c1d6-147b-4850-8f7b-dacabec17773"><testcase classname="" name="tests.test_iteration3" time="0.000"><error message="collection failure">backend/tests/test_iteration3.py:14: in &lt;module&gt;
    BASE = os.environ["REACT_APP_BACKEND_URL"].rstrip("/")
           ^^^^^^^^^^^^^^^^^^^^^^^^^^^^^^^^^^^
&lt;frozen os&gt;:679: in __getitem__
    ???
E   KeyError: 'REACT_APP_BACKEND_URL'</error><error message="collection failure">backend/tests/test_iteration3.py:14: in &lt;module&gt;
    BASE = os.environ["REACT_APP_BACKEND_URL"].rstrip("/")
           ^^^^^^^^^^^^^^^^^^^^^^^^^^^^^^^^^^^
&lt;frozen os&gt;:679: in __getitem__
    ???
E   KeyError: 'REACT_APP_BACKEND_URL'</error></testcase><testcase classname="tests.backend_test.TestUsers" name="test_list_users" time="0.714" /><testcase classname="tests.backend_test.TestUsers" name="test_grades_endpoint" time="0.048" /><testcase classname="tests.backend_test.TestUsers" name="test_create_user_invalid_pin" time="0.093" /><testcase classname="tests.backend_test.TestStock" name="test_create_and_get_article" time="0.869" /><testcase classname="tests.backend_test.TestStock" name="test_edit_quantity" time="0.259" /><testcase classname="tests.backend_test.TestUsers" name="test_non_admin_cannot_create_user" time="2.813" /><testcase classname="tests.backend_test.TestStock" name="test_vendeur_cannot_add" time="2.585" /><testcase classname="tests.backend_test.TestUsers" name="test_admin_edit_permissions" time="0.094" /><testcase classname="tests.backend_test.TestStock" name="test_vendeur_cannot_delete" time="0.049"><failure message="assert 200 == 403&#10; +  where 200 = &lt;Response [200]&gt;.status_code">backend/tests/backend_test.py:223: in test_vendeur_cannot_delete
    assert r.status_code == 403
E   assert 200 == 403
E    +  where 200 = &lt;Response [200]&gt;.status_code</failure></testcase><testcase classname="tests.backend_test.TestAuth" name="test_login_admin_ok" time="0.325" /><testcase classname="tests.backend_test.TestStock" name="test_vendeur_can_view_list" time="0.050" /><testcase classname="tests.backend_test.TestCaisse" name="test_create_ticket_and_totals" time="0.309" /><testcase classname="tests.backend_test.TestAuth" name="test_login_wrong_pin" time="1.434" /><testcase classname="tests.backend_test.TestCaisse" name="test_create_facture" time="1.384" /><testcase classname="tests.backend_test.TestCaisse" name="test_vendeur_cannot_delete_ticket" time="0.135" /><testcase classname="tests.backend_test.TestAuth" name="test_me_returns_user" time="0.046" /><testcase classname="tests.backend_test.TestAuth" name="test_me_unauthenticated" time="0.136" /><testcase classname="tests.backend_test.TestIntervention" name="test_create_and_pdf" time="0.226" /><testcase classname="tests.backend_test.TestShops" name="test_list_shops" time="0.045" /><testcase classname="tests.backend_test.TestShops" name="test_create_and_update_shop" time="0.224" /><testcase classname="tests.backend_test.TestIntervention" name="test_list_with_can_open_flag" time="0.060" /><testcase classname="tests.backend_test.TestCommunication" name="test_send_and_list_message" time="0.221" /><testcase classname="tests.backend_test.TestIntervention" name="test_vendeur_isolation" time="0.191"><failure message="AssertionError: vendeur should NOT be able to open other shop's intervention&#10;assert True is False">backend/tests/backend_test.py:335: in test_vendeur_isolation
    assert found[0]["can_open"] is False, "vendeur should NOT be able to open other shop's intervention"
E   AssertionError: vendeur should NOT be able to open other shop's intervention
E   assert True is False</failure></testcase><testcase classname="tests.backend_test.TestDepot" name="test_create_order_with_pdf" time="0.175" /><testcase classname="tests.backend_test.TestCommunication" name="test_help_ticket_flow" time="0.151" /><testcase classname="tests.backend_test.TestDepot" name="test_add_manual_line_and_increment" time="0.433" /><testcase classname="tests.backend_test.TestDevis" name="test_create_devis_and_pdf" time="0.143" /><testcase classname="tests.backend_test.TestReprise" name="test_create_reprise_and_pdf" time="0.246" /></testsuite></testsuites>