<?xml version="1.0" encoding="utf-8"?><testsuites name="pytest tests"><testsuite name="pytest" errors="0" failures="0" skipped="0" tests="7" time="2.757" timestamp="2026-07-17T19:31:39.122570+00:00" hostname="agent-env-3cb4c1d6-147b-4850-8f7b-dacabec17773"><testcase classname="tests.test_depot_new" name="test_create_order_without_numero_auto_extract" time="0.770" /><testcase classname="tests.test_depot_new" name="test_parse_lines_metadata_fields" time="0.101" /><testcase classname="tests.test_depot_new" name="test_tap_endpoint_increments_and_cycles" time="0.297" /><testcase classname="tests.test_depot_new" name="test_tap_single_qty_marks_done" time="0.151" /><testcase classname="tests.test_depot_new" name="test_status_transitions" time="0.636" /><testcase classname="tests.test_depot_new" name="test_create_order_with_form_numero_override" time="0.103" /><testcase classname="tests.test_depot_new" name="test_create_order_no_numero_no_extract_fallback" time="0.109" /></testsuite></testsuites>