<?xml version="1.0" encoding="utf-8"?><testsuites name="pytest tests"><testsuite name="pytest" errors="0" failures="0" skipped="0" tests="35" time="8.105" timestamp="2026-07-17T19:32:43.227284+00:00" hostname="agent-env-3cb4c1d6-147b-4850-8f7b-dacabec17773"><testcase classname="tests.backend_test.TestAuth" name="test_login_admin_ok" time="0.458" /><testcase classname="tests.backend_test.TestAuth" name="test_login_wrong_pin" time="0.568" /><testcase classname="tests.backend_test.TestAuth" name="test_me_returns_user" time="0.383" /><testcase classname="tests.backend_test.TestAuth" name="test_me_unauthenticated" time="0.098" /><testcase classname="tests.backend_test.TestShops" name="test_list_shops" time="0.050" /><testcase classname="tests.backend_test.TestShops" name="test_create_and_update_shop" time="0.162" /><testcase classname="tests.backend_test.TestUsers" name="test_list_users" time="0.064" /><testcase classname="tests.backend_test.TestUsers" name="test_grades_endpoint" time="0.064" /><testcase classname="tests.backend_test.TestUsers" name="test_create_user_invalid_pin" time="0.145" /><testcase classname="tests.backend_test.TestUsers" name="test_non_admin_cannot_create_user" time="1.118" /><testcase classname="tests.backend_test.TestUsers" name="test_admin_edit_permissions" time="0.149" /><testcase classname="tests.backend_test.TestStock" name="test_create_and_get_article" time="0.137" /><testcase classname="tests.backend_test.TestStock" name="test_edit_quantity" time="0.059" /><testcase classname="tests.backend_test.TestStock" name="test_vendeur_cannot_add" time="0.068" /><testcase classname="tests.backend_test.TestStock" name="test_vendeur_cannot_delete" time="0.056" /><testcase classname="tests.backend_test.TestStock" name="test_vendeur_can_view_list" time="0.054" /><testcase classname="tests.backend_test.TestCaisse" name="test_create_ticket_and_totals" time="0.109" /><testcase classname="tests.backend_test.TestCaisse" name="test_create_facture" time="0.058" /><testcase classname="tests.backend_test.TestCaisse" name="test_vendeur_cannot_delete_ticket" time="0.149" /><testcase classname="tests.backend_test.TestIntervention" name="test_create_and_pdf" time="0.111" /><testcase classname="tests.backend_test.TestIntervention" name="test_list_with_can_open_flag" time="0.050" /><testcase classname="tests.backend_test.TestIntervention" name="test_vendeur_isolation" time="0.283" /><testcase classname="tests.backend_test.TestDevis" name="test_create_devis_and_pdf" time="0.107" /><testcase classname="tests.backend_test.TestReprise" name="test_create_reprise_and_pdf" time="0.112" /><testcase classname="tests.backend_test.TestCommunication" name="test_send_and_list_message" time="0.166" /><testcase classname="tests.backend_test.TestCommunication" name="test_help_ticket_flow" time="0.184" /><testcase classname="tests.backend_test.TestDepot" name="test_create_order_with_pdf" time="0.138" /><testcase classname="tests.backend_test.TestDepot" name="test_add_manual_line_and_increment" time="0.507" /><testcase classname="tests.test_depot_new" name="test_create_order_without_numero_auto_extract" time="0.481" /><testcase classname="tests.test_depot_new" name="test_parse_lines_metadata_fields" time="0.128" /><testcase classname="tests.test_depot_new" name="test_tap_endpoint_increments_and_cycles" time="0.381" /><testcase classname="tests.test_depot_new" name="test_tap_single_qty_marks_done" time="0.185" /><testcase classname="tests.test_depot_new" name="test_status_transitions" time="0.763" /><testcase classname="tests.test_depot_new" name="test_create_order_with_form_numero_override" time="0.132" /><testcase classname="tests.test_depot_new" name="test_create_order_no_numero_no_extract_fallback" time="0.334" /></testsuite></testsuites>