<?xml version="1.0" encoding="utf-8"?><testsuites name="pytest tests"><testsuite name="pytest" errors="0" failures="0" skipped="0" tests="43" time="14.307" timestamp="2026-07-17T20:08:40.183077+00:00" hostname="agent-env-3cb4c1d6-147b-4850-8f7b-dacabec17773"><testcase classname="tests.test_depot_new" name="test_create_order_without_numero_auto_extract" time="0.675" /><testcase classname="tests.backend_test.TestUsers" name="test_list_users" time="0.677" /><testcase classname="tests.test_depot_new" name="test_parse_lines_metadata_fields" time="0.116" /><testcase classname="tests.backend_test.TestUsers" name="test_grades_endpoint" time="0.057" /><testcase classname="tests.test_depot_new" name="test_tap_endpoint_increments_and_cycles" time="1.669" /><testcase classname="tests.backend_test.TestUsers" name="test_create_user_invalid_pin" time="0.155" /><testcase classname="tests.backend_test.TestUsers" name="test_non_admin_cannot_create_user" time="1.651" /><testcase classname="tests.test_depot_new" name="test_tap_single_qty_marks_done" time="0.158" /><testcase classname="tests.backend_test.TestUsers" name="test_admin_edit_permissions" time="0.159" /><testcase classname="tests.test_depot_new" name="test_status_transitions" time="0.622" /><testcase classname="tests.backend_test.TestStock" name="test_create_and_get_article" time="0.111" /><testcase classname="tests.backend_test.TestStock" name="test_edit_quantity" time="0.053" /><testcase classname="tests.backend_test.TestStock" name="test_vendeur_cannot_add" time="0.104" /><testcase classname="tests.backend_test.TestStock" name="test_vendeur_cannot_delete" time="0.115" /><testcase classname="tests.backend_test.TestStock" name="test_vendeur_can_view_list" time="0.068" /><testcase classname="tests.backend_test.TestAuth" name="test_login_admin_ok" time="0.440" /><testcase classname="tests.test_depot_new" name="test_create_order_with_form_numero_override" time="0.296" /><testcase classname="tests.test_depot_new" name="test_create_order_no_numero_no_extract_fallback" time="0.118" /><testcase classname="tests.backend_test.TestAuth" name="test_login_wrong_pin" time="1.230" /><testcase classname="tests.backend_test.TestAuth" name="test_me_returns_user" time="0.231" /><testcase classname="tests.backend_test.TestAuth" name="test_me_unauthenticated" time="0.199" /><testcase classname="tests.backend_test.TestCaisse" name="test_create_ticket_and_totals" time="1.735" /><testcase classname="tests.backend_test.TestIntervention" name="test_create_and_pdf" time="0.179" /><testcase classname="tests.backend_test.TestCaisse" name="test_create_facture" time="0.070" /><testcase classname="tests.backend_test.TestIntervention" name="test_list_with_can_open_flag" time="0.059" /><testcase classname="tests.backend_test.TestIntervention" name="test_vendeur_isolation" time="1.592" /><testcase classname="tests.backend_test.TestCaisse" name="test_vendeur_cannot_delete_ticket" time="1.731" /><testcase classname="tests.backend_test.TestShops" name="test_list_shops" time="0.096" /><testcase classname="tests.backend_test.TestShops" name="test_create_and_update_shop" time="0.372" /><testcase classname="tests.test_iteration3.TestCaisseTicket" name="test_ticket_has_vendeur_nom" time="0.496" /><testcase classname="tests.backend_test.TestCommunication" name="test_send_and_list_message" time="0.233" /><testcase classname="tests.test_iteration3.TestCaisseTicket" name="test_patch_ticket_recalculates" time="0.258" /><testcase classname="tests.backend_test.TestCommunication" name="test_help_ticket_flow" time="0.209" /><testcase classname="tests.test_iteration3.TestCaisseTicket" name="test_facture_with_client_siret" time="0.178" /><testcase classname="tests.backend_test.TestDepot" name="test_create_order_with_pdf" time="0.136" /><testcase classname="tests.test_iteration3.TestShopSiret" name="test_create_shop_with_siret" time="0.135" /><testcase classname="tests.backend_test.TestDepot" name="test_add_manual_line_and_increment" time="0.569" /><testcase classname="tests.test_iteration3.TestShopSiret" name="test_update_shop_siret" time="0.170" /><testcase classname="tests.backend_test.TestDevis" name="test_create_devis_and_pdf" time="0.150" /><testcase classname="tests.backend_test.TestReprise" name="test_create_reprise_and_pdf" time="0.141" /><testcase classname="tests.test_iteration3.TestStockCode" name="test_auto_code_when_empty" time="0.649" /><testcase classname="tests.test_iteration3.TestStockCode" name="test_custom_code_used_as_is" time="0.708" /><testcase classname="tests.test_iteration3.TestSameShopIntervention" name="test_same_shop_users_can_see_and_open_each_others_interventions" time="4.994" /></testsuite></testsuites>