<?xml version="1.0" encoding="utf-8"?><testsuites name="pytest tests"><testsuite name="pytest" errors="0" failures="0" skipped="0" tests="8" time="6.134" timestamp="2026-07-17T20:08:28.751394+00:00" hostname="agent-env-3cb4c1d6-147b-4850-8f7b-dacabec17773"><testcase classname="tests.test_iteration3.TestShopSiret" name="test_create_shop_with_siret" time="0.953" /><testcase classname="tests.test_iteration3.TestCaisseTicket" name="test_ticket_has_vendeur_nom" time="0.978" /><testcase classname="tests.test_iteration3.TestCaisseTicket" name="test_patch_ticket_recalculates" time="0.228" /><testcase classname="tests.test_iteration3.TestShopSiret" name="test_update_shop_siret" time="0.296" /><testcase classname="tests.test_iteration3.TestCaisseTicket" name="test_facture_with_client_siret" time="0.199" /><testcase classname="tests.test_iteration3.TestStockCode" name="test_auto_code_when_empty" time="0.160" /><testcase classname="tests.test_iteration3.TestStockCode" name="test_custom_code_used_as_is" time="0.558" /><testcase classname="tests.test_iteration3.TestSameShopIntervention" name="test_same_shop_users_can_see_and_open_each_others_interventions" time="4.215" /></testsuite></testsuites>